Copyright 1986-2016 Xilinx, Inc. All Rights Reserved.
-------------------------------------------------------------------------------------------------------------------------------------------
| Tool Version : Vivado v.2016.4 (win64) Build 1756540 Mon Jan 23 19:11:23 MST 2017
| Date         : Wed Apr 05 11:07:51 2017
| Host         : Dc_Wang running 64-bit major release  (build 9200)
| Command      : report_methodology -file HDMI_display_Demon_methodology_drc_routed.rpt -rpx HDMI_display_Demon_methodology_drc_routed.rpx
| Design       : HDMI_display_Demon
| Device       : xc7z010clg400-1
| Speed File   : -1
| Design State : Routed
-------------------------------------------------------------------------------------------------------------------------------------------

Report Methodology

Table of Contents
-----------------
1. REPORT SUMMARY
2. REPORT DETAILS

1. REPORT SUMMARY
-----------------
            Netlist: netlist
          Floorplan: design_1
      Design limits: <entire design considered>
             Max violations: <unlimited>
             Violations found: 8
+-----------+----------+-------------------------------+------------+
| Rule      | Severity | Description                   | Violations |
+-----------+----------+-------------------------------+------------+
| TIMING-18 | Warning  | Missing input or output delay | 8          |
+-----------+----------+-------------------------------+------------+

2. REPORT DETAILS
-----------------
TIMING-18#1 Warning
Missing input or output delay  
An output delay is missing on HDMI_CLK_N relative to clock(s) VIRTUAL_clk_out2_clk_wiz_0 
Related violations: <none>

TIMING-18#2 Warning
Missing input or output delay  
An output delay is missing on HDMI_CLK_P relative to clock(s) VIRTUAL_clk_out2_clk_wiz_0 
Related violations: <none>

TIMING-18#3 Warning
Missing input or output delay  
An output delay is missing on HDMI_D0_N relative to clock(s) VIRTUAL_clk_out2_clk_wiz_0 
Related violations: <none>

TIMING-18#4 Warning
Missing input or output delay  
An output delay is missing on HDMI_D0_P relative to clock(s) VIRTUAL_clk_out2_clk_wiz_0 
Related violations: <none>

TIMING-18#5 Warning
Missing input or output delay  
An output delay is missing on HDMI_D1_N relative to clock(s) VIRTUAL_clk_out2_clk_wiz_0 
Related violations: <none>

TIMING-18#6 Warning
Missing input or output delay  
An output delay is missing on HDMI_D1_P relative to clock(s) VIRTUAL_clk_out2_clk_wiz_0 
Related violations: <none>

TIMING-18#7 Warning
Missing input or output delay  
An output delay is missing on HDMI_D2_N relative to clock(s) VIRTUAL_clk_out2_clk_wiz_0 
Related violations: <none>

TIMING-18#8 Warning
Missing input or output delay  
An output delay is missing on HDMI_D2_P relative to clock(s) VIRTUAL_clk_out2_clk_wiz_0 
Related violations: <none>


