#-----------------------------------------------------------
# Vivado v2016.4 (64-bit)
# SW Build 1756540 on Mon Jan 23 19:11:23 MST 2017
# IP Build 1755317 on Mon Jan 23 20:30:07 MST 2017
# Start of session at: Thu Mar 30 16:54:52 2017
# Process ID: 16552
# Current directory: E:/FPGA/vivado/HDMI_DEMO_2017_03_28_01/Miz702_VGA/vivado_prj/miz702_vga
# Command line: vivado.exe -gui_launcher_event rodinguilauncherevent19468 E:\FPGA\vivado\HDMI_DEMO_2017_03_28_01\Miz702_VGA\vivado_prj\miz702_vga\miz702_vga.xpr
# Log file: E:/FPGA/vivado/HDMI_DEMO_2017_03_28_01/Miz702_VGA/vivado_prj/miz702_vga/vivado.log
# Journal file: E:/FPGA/vivado/HDMI_DEMO_2017_03_28_01/Miz702_VGA/vivado_prj/miz702_vga\vivado.jou
#-----------------------------------------------------------
start_gui
open_project E:/FPGA/vivado/HDMI_DEMO_2017_03_28_01/Miz702_VGA/vivado_prj/miz702_vga/miz702_vga.xpr
CRITICAL WARNING: [Project 1-19] Could not find the file 'E:/FPGA/vivado/HDMI_DEMO_2017_03_28_01/Miz702_VGA/vivado_prj/miz702_vga/miz702_vga.srcs/sources_1/ip/rom_pic_1x307200/rom_pic_1x307200.xci'.
Scanning sources...
Finished scanning sources
INFO: [IP_Flow 19-234] Refreshing IP repositories
INFO: [IP_Flow 19-1704] No user IP repositories specified
INFO: [IP_Flow 19-2313] Loaded Vivado IP repository 'D:/Xilinx/Vivado/2016.4/data/ip'.
WARNING: [IP_Flow 19-2162] IP 'clk_wiz_0' is locked:
* IP definition 'Clocking Wizard (5.1)' for IP 'clk_wiz_0' (customized with software release 2015.2) has a newer minor version in the IP Catalog.
Please select 'Report IP Status' from the 'Tools/Report' menu or run Tcl command 'report_ip_status' for more information.
WARNING: [IP_Flow 19-2162] IP 'rom_pic' is locked:
* IP definition 'Block Memory Generator (8.2)' for IP 'rom_pic' (customized with software release 2015.2) has a newer minor version in the IP Catalog.
Please select 'Report IP Status' from the 'Tools/Report' menu or run Tcl command 'report_ip_status' for more information.
INFO: [Device 21-403] Loading part xc7z020clg484-1
WARNING: [IP_Flow 19-4067] Ignoring invalid widget type specified checkbox.Providing a default widget
WARNING: [IP_Flow 19-4067] Ignoring invalid widget type specified checkbox.Providing a default widget
create_ip -name blk_mem_gen -vendor xilinx.com -library ip -version 8.3 -module_name rom_pic_1x307200 -dir e:/FPGA/vivado/HDMI_DEMO_2017_03_28_01/Miz702_VGA/vivado_prj/miz702_vga/miz702_vga.srcs/sources_1/ip
set_property -dict [list CONFIG.Memory_Type {Single_Port_ROM} CONFIG.Write_Width_A {12} CONFIG.Write_Depth_A {32406} CONFIG.Enable_A {Always_Enabled} CONFIG.Register_PortA_Output_of_Memory_Primitives {false} CONFIG.Load_Init_File {true} CONFIG.Coe_File {E:/FPGA/vivado/HDMI_DEMO_2017_03_28_01/test/test.coe} CONFIG.Read_Width_A {12} CONFIG.Write_Width_B {12} CONFIG.Read_Width_B {12} CONFIG.Port_A_Write_Rate {0}] [get_ips rom_pic_1x307200]
INFO: [IP_Flow 19-3484] Absolute path of file 'e:/FPGA/vivado/HDMI_DEMO_2017_03_28_01/test/test.coe' provided. It will be converted relative to IP Instance files '../../../../../../../test/test.coe'
generate_target {instantiation_template} [get_files e:/FPGA/vivado/HDMI_DEMO_2017_03_28_01/Miz702_VGA/vivado_prj/miz702_vga/miz702_vga.srcs/sources_1/ip/rom_pic_1x307200/rom_pic_1x307200.xci]
INFO: [IP_Flow 19-1686] Generating 'Instantiation Template' target for IP 'rom_pic_1x307200'...
WARNING: [Vivado 12-1783] Unsupported target specified: 'instantiation_template'. Supported targets for this IP are: 'all'. File: 'rom_pic_1x307200.xci'. 
ERROR: [Vivado 12-1773] No legal targets specified.  Supported targets for this IP are: all. File: 'rom_pic_1x307200.xci'.
ERROR: [Common 17-39] 'generate_target' failed due to earlier errors.
reset_run synth_1
launch_runs synth_1 -jobs 4
CRITICAL WARNING: [filemgmt 20-1318] Duplicate Design Unit 'rom_pic_1x307200' found in library 'xil_defaultlib'
	(Active) Duplicate found to match top of the out-of-context module fileset 'rom_pic_1x307200'
	Duplicate found in file e:/FPGA/vivado/HDMI_DEMO_2017_03_28_01/Miz702_VGA/vivado_prj/miz702_vga/miz702_vga.srcs/sources_1/ip/rom_pic_1x307200/rom_pic_1x307200.xci
[Thu Mar 30 16:59:03 2017] Launched synth_1...
Run output will be captured here: E:/FPGA/vivado/HDMI_DEMO_2017_03_28_01/Miz702_VGA/vivado_prj/miz702_vga/miz702_vga.runs/synth_1/runme.log
synth_design -rtl -name rtl_1
Command: synth_design -rtl -name rtl_1
Starting synth_design
Using part: xc7z020clg484-1
WARNING: [Vivado_Tcl 4-393] The 'Implementation' target of the following IPs are stale, please generate the output products using the generate_target or synth_ip command before running synth_design.
E:/FPGA/vivado/HDMI_DEMO_2017_03_28_01/Miz702_VGA/vivado_prj/miz702_vga/miz702_vga.srcs/sources_1/ip/clk_wiz_0/clk_wiz_0.xci

Top: vga_test
---------------------------------------------------------------------------------
Starting RTL Elaboration : Time (s): cpu = 00:01:35 ; elapsed = 00:05:06 . Memory (MB): peak = 1304.070 ; gain = 1094.063
---------------------------------------------------------------------------------
INFO: [Synth 8-638] synthesizing module 'vga_test' [E:/FPGA/vivado/HDMI_DEMO_2017_03_28_01/Miz702_VGA/design/vga_test.v:4]
	Parameter BLACK bound to: 12'b000000000000 
	Parameter BLUE bound to: 12'b000000001111 
	Parameter GREEN bound to: 12'b000011110000 
	Parameter DIAN bound to: 12'b000011111111 
	Parameter RED bound to: 12'b111100000000 
	Parameter PURPLE bound to: 12'b111100001111 
	Parameter YELLOW bound to: 12'b111111110000 
	Parameter WHITE bound to: 12'b111111111111 
INFO: [Synth 8-638] synthesizing module 'vga_sync' [E:/FPGA/vivado/HDMI_DEMO_2017_03_28_01/Miz702_VGA/design/vga_sync.v:7]
INFO: [Synth 8-155] case statement is not full and has no default [E:/FPGA/vivado/HDMI_DEMO_2017_03_28_01/Miz702_VGA/design/vga_sync.v:48]
INFO: [Synth 8-155] case statement is not full and has no default [E:/FPGA/vivado/HDMI_DEMO_2017_03_28_01/Miz702_VGA/design/vga_sync.v:96]
INFO: [Synth 8-256] done synthesizing module 'vga_sync' (1#1) [E:/FPGA/vivado/HDMI_DEMO_2017_03_28_01/Miz702_VGA/design/vga_sync.v:7]
INFO: [Synth 8-638] synthesizing module 'rom_pic' [E:/FPGA/vivado/HDMI_DEMO_2017_03_28_01/Miz702_VGA/vivado_prj/miz702_vga/.Xil/Vivado-16552-Dc_Wang/realtime/rom_pic_stub.v:7]
INFO: [Synth 8-256] done synthesizing module 'rom_pic' (2#1) [E:/FPGA/vivado/HDMI_DEMO_2017_03_28_01/Miz702_VGA/vivado_prj/miz702_vga/.Xil/Vivado-16552-Dc_Wang/realtime/rom_pic_stub.v:7]
INFO: [Synth 8-638] synthesizing module 'clk_wiz_0' [E:/FPGA/vivado/HDMI_DEMO_2017_03_28_01/Miz702_VGA/vivado_prj/miz702_vga/.Xil/Vivado-16552-Dc_Wang/realtime/clk_wiz_0_stub.v:6]
INFO: [Synth 8-256] done synthesizing module 'clk_wiz_0' (3#1) [E:/FPGA/vivado/HDMI_DEMO_2017_03_28_01/Miz702_VGA/vivado_prj/miz702_vga/.Xil/Vivado-16552-Dc_Wang/realtime/clk_wiz_0_stub.v:6]
INFO: [Synth 8-256] done synthesizing module 'vga_test' (4#1) [E:/FPGA/vivado/HDMI_DEMO_2017_03_28_01/Miz702_VGA/design/vga_test.v:4]
---------------------------------------------------------------------------------
Finished RTL Elaboration : Time (s): cpu = 00:01:35 ; elapsed = 00:05:06 . Memory (MB): peak = 1304.070 ; gain = 1094.063
---------------------------------------------------------------------------------

Report Check Netlist: 
+------+------------------+-------+---------+-------+------------------+
|      |Item              |Errors |Warnings |Status |Description       |
+------+------------------+-------+---------+-------+------------------+
|1     |multi_driven_nets |      0|        0|Passed |Multi driven nets |
+------+------------------+-------+---------+-------+------------------+
---------------------------------------------------------------------------------
Finished RTL Optimization Phase 1 : Time (s): cpu = 00:01:35 ; elapsed = 00:05:06 . Memory (MB): peak = 1304.070 ; gain = 1094.063
---------------------------------------------------------------------------------
INFO: [Project 1-454] Reading design checkpoint 'e:/FPGA/vivado/HDMI_DEMO_2017_03_28_01/Miz702_VGA/vivado_prj/miz702_vga/miz702_vga.srcs/sources_1/ip/rom_pic/rom_pic.dcp' for cell 'rom_pic_inst'
INFO: [Project 1-454] Reading design checkpoint 'e:/FPGA/vivado/HDMI_DEMO_2017_03_28_01/Miz702_VGA/vivado_prj/miz702_vga/miz702_vga.srcs/sources_1/ip/clk_wiz_0/clk_wiz_0.dcp' for cell 'clk_wiz_0_inst'
INFO: [Netlist 29-17] Analyzing 1 Unisim elements for replacement
INFO: [Netlist 29-28] Unisim Transformation completed in 0 CPU seconds
INFO: [Project 1-479] Netlist was created with Vivado 2015.2
INFO: [Project 1-570] Preparing netlist for logic optimization

Processing XDC Constraints
Initializing timing engine
Parsing XDC File [e:/FPGA/vivado/HDMI_DEMO_2017_03_28_01/Miz702_VGA/vivado_prj/miz702_vga/miz702_vga.srcs/sources_1/ip/clk_wiz_0/clk_wiz_0_board.xdc] for cell 'clk_wiz_0_inst/inst'
Finished Parsing XDC File [e:/FPGA/vivado/HDMI_DEMO_2017_03_28_01/Miz702_VGA/vivado_prj/miz702_vga/miz702_vga.srcs/sources_1/ip/clk_wiz_0/clk_wiz_0_board.xdc] for cell 'clk_wiz_0_inst/inst'
Parsing XDC File [e:/FPGA/vivado/HDMI_DEMO_2017_03_28_01/Miz702_VGA/vivado_prj/miz702_vga/miz702_vga.srcs/sources_1/ip/clk_wiz_0/clk_wiz_0.xdc] for cell 'clk_wiz_0_inst/inst'
Finished Parsing XDC File [e:/FPGA/vivado/HDMI_DEMO_2017_03_28_01/Miz702_VGA/vivado_prj/miz702_vga/miz702_vga.srcs/sources_1/ip/clk_wiz_0/clk_wiz_0.xdc] for cell 'clk_wiz_0_inst/inst'
INFO: [Project 1-236] Implementation specific constraints were found while reading constraint file [e:/FPGA/vivado/HDMI_DEMO_2017_03_28_01/Miz702_VGA/vivado_prj/miz702_vga/miz702_vga.srcs/sources_1/ip/clk_wiz_0/clk_wiz_0.xdc]. These constraints will be ignored for synthesis but will be used in implementation. Impacted constraints are listed in the file [.Xil/vga_test_propImpl.xdc].
Resolution: To avoid this warning, move constraints listed in [.Xil/vga_test_propImpl.xdc] to another XDC file and exclude this new file from synthesis with the used_in_synthesis property (File Properties dialog in GUI) and re-run elaboration/synthesis.
INFO: [Timing 38-2] Deriving generated clocks
Parsing XDC File [E:/FPGA/vivado/HDMI_DEMO_2017_03_28_01/Miz702_VGA/vivado_prj/miz702_vga/miz702_vga.srcs/constrs_1/new/vga.xdc]
CRITICAL WARNING: [Common 17-161] Invalid option value '#------------------------------------------------------------------------------------------------' specified for 'objects'. [E:/FPGA/vivado/HDMI_DEMO_2017_03_28_01/Miz702_VGA/vivado_prj/miz702_vga/miz702_vga.srcs/constrs_1/new/vga.xdc:12]
WARNING: [Vivado 12-584] No ports matched 'gpio_0_tri_io[0]'. [E:/FPGA/vivado/HDMI_DEMO_2017_03_28_01/Miz702_VGA/vivado_prj/miz702_vga/miz702_vga.srcs/constrs_1/new/vga.xdc:14]
WARNING: [Vivado 12-584] No ports matched 'gpio_0_tri_io[0]'. [E:/FPGA/vivado/HDMI_DEMO_2017_03_28_01/Miz702_VGA/vivado_prj/miz702_vga/miz702_vga.srcs/constrs_1/new/vga.xdc:15]
WARNING: [Vivado 12-584] No ports matched 'gpio_0_tri_io[1]'. [E:/FPGA/vivado/HDMI_DEMO_2017_03_28_01/Miz702_VGA/vivado_prj/miz702_vga/miz702_vga.srcs/constrs_1/new/vga.xdc:17]
WARNING: [Vivado 12-584] No ports matched 'gpio_0_tri_io[1]'. [E:/FPGA/vivado/HDMI_DEMO_2017_03_28_01/Miz702_VGA/vivado_prj/miz702_vga/miz702_vga.srcs/constrs_1/new/vga.xdc:18]
WARNING: [Vivado 12-584] No ports matched 'gpio_0_tri_io[1]'. [E:/FPGA/vivado/HDMI_DEMO_2017_03_28_01/Miz702_VGA/vivado_prj/miz702_vga/miz702_vga.srcs/constrs_1/new/vga.xdc:20]
WARNING: [Vivado 12-584] No ports matched 'gpio_0_tri_io[0]'. [E:/FPGA/vivado/HDMI_DEMO_2017_03_28_01/Miz702_VGA/vivado_prj/miz702_vga/miz702_vga.srcs/constrs_1/new/vga.xdc:21]
WARNING: [Vivado 12-584] No ports matched 'cmos_xclk_o'. [E:/FPGA/vivado/HDMI_DEMO_2017_03_28_01/Miz702_VGA/vivado_prj/miz702_vga/miz702_vga.srcs/constrs_1/new/vga.xdc:23]
WARNING: [Vivado 12-584] No ports matched 'cmos_pclk_i'. [E:/FPGA/vivado/HDMI_DEMO_2017_03_28_01/Miz702_VGA/vivado_prj/miz702_vga/miz702_vga.srcs/constrs_1/new/vga.xdc:24]
WARNING: [Vivado 12-507] No nets matched 'cmos_pclk_i_IBUF'. [E:/FPGA/vivado/HDMI_DEMO_2017_03_28_01/Miz702_VGA/vivado_prj/miz702_vga/miz702_vga.srcs/constrs_1/new/vga.xdc:26]
WARNING: [Vivado 12-584] No ports matched 'cmos_vsync_i'. [E:/FPGA/vivado/HDMI_DEMO_2017_03_28_01/Miz702_VGA/vivado_prj/miz702_vga/miz702_vga.srcs/constrs_1/new/vga.xdc:28]
WARNING: [Vivado 12-584] No ports matched 'cmos_href_i'. [E:/FPGA/vivado/HDMI_DEMO_2017_03_28_01/Miz702_VGA/vivado_prj/miz702_vga/miz702_vga.srcs/constrs_1/new/vga.xdc:29]
WARNING: [Vivado 12-584] No ports matched 'cmos_data_i[0]'. [E:/FPGA/vivado/HDMI_DEMO_2017_03_28_01/Miz702_VGA/vivado_prj/miz702_vga/miz702_vga.srcs/constrs_1/new/vga.xdc:31]
WARNING: [Vivado 12-584] No ports matched 'cmos_data_i[1]'. [E:/FPGA/vivado/HDMI_DEMO_2017_03_28_01/Miz702_VGA/vivado_prj/miz702_vga/miz702_vga.srcs/constrs_1/new/vga.xdc:32]
WARNING: [Vivado 12-584] No ports matched 'cmos_data_i[2]'. [E:/FPGA/vivado/HDMI_DEMO_2017_03_28_01/Miz702_VGA/vivado_prj/miz702_vga/miz702_vga.srcs/constrs_1/new/vga.xdc:33]
WARNING: [Vivado 12-584] No ports matched 'cmos_data_i[3]'. [E:/FPGA/vivado/HDMI_DEMO_2017_03_28_01/Miz702_VGA/vivado_prj/miz702_vga/miz702_vga.srcs/constrs_1/new/vga.xdc:34]
WARNING: [Vivado 12-584] No ports matched 'cmos_data_i[4]'. [E:/FPGA/vivado/HDMI_DEMO_2017_03_28_01/Miz702_VGA/vivado_prj/miz702_vga/miz702_vga.srcs/constrs_1/new/vga.xdc:35]
WARNING: [Vivado 12-584] No ports matched 'cmos_data_i[5]'. [E:/FPGA/vivado/HDMI_DEMO_2017_03_28_01/Miz702_VGA/vivado_prj/miz702_vga/miz702_vga.srcs/constrs_1/new/vga.xdc:36]
WARNING: [Vivado 12-584] No ports matched 'cmos_data_i[6]'. [E:/FPGA/vivado/HDMI_DEMO_2017_03_28_01/Miz702_VGA/vivado_prj/miz702_vga/miz702_vga.srcs/constrs_1/new/vga.xdc:37]
WARNING: [Vivado 12-584] No ports matched 'cmos_data_i[7]'. [E:/FPGA/vivado/HDMI_DEMO_2017_03_28_01/Miz702_VGA/vivado_prj/miz702_vga/miz702_vga.srcs/constrs_1/new/vga.xdc:38]
WARNING: [Vivado 12-584] No ports matched 'HDMI_CLK_P'. [E:/FPGA/vivado/HDMI_DEMO_2017_03_28_01/Miz702_VGA/vivado_prj/miz702_vga/miz702_vga.srcs/constrs_1/new/vga.xdc:40]
WARNING: [Vivado 12-584] No ports matched 'HDMI_D0_P'. [E:/FPGA/vivado/HDMI_DEMO_2017_03_28_01/Miz702_VGA/vivado_prj/miz702_vga/miz702_vga.srcs/constrs_1/new/vga.xdc:41]
WARNING: [Vivado 12-584] No ports matched 'HDMI_D1_P'. [E:/FPGA/vivado/HDMI_DEMO_2017_03_28_01/Miz702_VGA/vivado_prj/miz702_vga/miz702_vga.srcs/constrs_1/new/vga.xdc:42]
WARNING: [Vivado 12-584] No ports matched 'HDMI_D2_P'. [E:/FPGA/vivado/HDMI_DEMO_2017_03_28_01/Miz702_VGA/vivado_prj/miz702_vga/miz702_vga.srcs/constrs_1/new/vga.xdc:43]
WARNING: [Vivado 12-584] No ports matched 'HDMI_CLK_P'. [E:/FPGA/vivado/HDMI_DEMO_2017_03_28_01/Miz702_VGA/vivado_prj/miz702_vga/miz702_vga.srcs/constrs_1/new/vga.xdc:45]
WARNING: [Vivado 12-584] No ports matched 'HDMI_D0_P'. [E:/FPGA/vivado/HDMI_DEMO_2017_03_28_01/Miz702_VGA/vivado_prj/miz702_vga/miz702_vga.srcs/constrs_1/new/vga.xdc:46]
WARNING: [Vivado 12-584] No ports matched 'HDMI_D1_P'. [E:/FPGA/vivado/HDMI_DEMO_2017_03_28_01/Miz702_VGA/vivado_prj/miz702_vga/miz702_vga.srcs/constrs_1/new/vga.xdc:47]
WARNING: [Vivado 12-584] No ports matched 'HDMI_D2_P'. [E:/FPGA/vivado/HDMI_DEMO_2017_03_28_01/Miz702_VGA/vivado_prj/miz702_vga/miz702_vga.srcs/constrs_1/new/vga.xdc:48]
WARNING: [Vivado 12-584] No ports matched 'HDMI_HPD'. [E:/FPGA/vivado/HDMI_DEMO_2017_03_28_01/Miz702_VGA/vivado_prj/miz702_vga/miz702_vga.srcs/constrs_1/new/vga.xdc:50]
WARNING: [Vivado 12-584] No ports matched 'HDMI_HPD'. [E:/FPGA/vivado/HDMI_DEMO_2017_03_28_01/Miz702_VGA/vivado_prj/miz702_vga/miz702_vga.srcs/constrs_1/new/vga.xdc:51]
CRITICAL WARNING: [Designutils 20-1307] Command '[get_ports {hsync}]' is not supported in the xdc constraint file. [E:/FPGA/vivado/HDMI_DEMO_2017_03_28_01/Miz702_VGA/vivado_prj/miz702_vga/miz702_vga.srcs/constrs_1/new/vga.xdc:57]
Finished Parsing XDC File [E:/FPGA/vivado/HDMI_DEMO_2017_03_28_01/Miz702_VGA/vivado_prj/miz702_vga/miz702_vga.srcs/constrs_1/new/vga.xdc]
WARNING: [Project 1-498] One or more constraints failed evaluation while reading constraint file [E:/FPGA/vivado/HDMI_DEMO_2017_03_28_01/Miz702_VGA/vivado_prj/miz702_vga/miz702_vga.srcs/constrs_1/new/vga.xdc] and the design contains unresolved black boxes. These constraints will be read post-synthesis (as long as their source constraint file is marked as used_in_implementation) and should be applied correctly then. You should review the constraints listed in the file [.Xil/vga_test_propImpl.xdc] and check the run log file to verify that these constraints were correctly applied.
Completed Processing XDC Constraints

INFO: [Opt 31-138] Pushed 0 inverter(s) to 0 load pin(s).
INFO: [Project 1-111] Unisim Transformation Summary:
No Unisim elements were transformed.

RTL Elaboration Complete:  : Time (s): cpu = 00:01:49 ; elapsed = 00:05:13 . Memory (MB): peak = 1487.730 ; gain = 1277.723
20 Infos, 31 Warnings, 3 Critical Warnings and 0 Errors encountered.
synth_design completed successfully
synth_design: Time (s): cpu = 00:00:17 ; elapsed = 00:00:10 . Memory (MB): peak = 1487.730 ; gain = 183.660
exit
INFO: [Common 17-206] Exiting Vivado at Thu Mar 30 17:02:30 2017...
