
*** Running vivado
    with args -log HDMI_display_Demon.vdi -applog -m64 -product Vivado -messageDb vivado.pb -mode batch -source HDMI_display_Demon.tcl -notrace


****** Vivado v2016.4 (64-bit)
  **** SW Build 1756540 on Mon Jan 23 19:11:23 MST 2017
  **** IP Build 1755317 on Mon Jan 23 20:30:07 MST 2017
    ** Copyright 1986-2016 Xilinx, Inc. All Rights Reserved.

source HDMI_display_Demon.tcl -notrace

*** Halting run - EA reset detected ***



    while executing
"start_step init_design"
    (file "HDMI_display_Demon.tcl" line 50)
INFO: [Common 17-206] Exiting Vivado at Thu Mar 30 19:35:10 2017...

*** Running vivado
    with args -log HDMI_display_Demon.vdi -applog -m64 -product Vivado -messageDb vivado.pb -mode batch -source HDMI_display_Demon.tcl -notrace


****** Vivado v2016.4 (64-bit)
  **** SW Build 1756540 on Mon Jan 23 19:11:23 MST 2017
  **** IP Build 1755317 on Mon Jan 23 20:30:07 MST 2017
    ** Copyright 1986-2016 Xilinx, Inc. All Rights Reserved.

source HDMI_display_Demon.tcl -notrace
Design is defaulting to srcset: sources_1
Design is defaulting to constrset: constrs_1
INFO: [Project 1-454] Reading design checkpoint 'e:/FPGA/vivado/HDMI_DEMO_2017_03_28_01/hdmi_display_demon/hdmi_display_demon.srcs/sources_1/ip/HDMI_FPGA_ML_0/HDMI_FPGA_ML_0.dcp' for cell 'u_HDMI'
INFO: [Project 1-454] Reading design checkpoint 'e:/FPGA/vivado/HDMI_DEMO_2017_03_28_01/hdmi_display_demon/hdmi_display_demon.srcs/sources_1/ip/clk_wiz_0/clk_wiz_0.dcp' for cell 'u_clk'
INFO: [Project 1-454] Reading design checkpoint 'e:/FPGA/vivado/HDMI_DEMO_2017_03_28_01/Miz702_VGA/vivado_prj/miz702_vga/miz702_vga.srcs/sources_1/ip/rom_pic/rom_pic.dcp' for cell 'u_hdmi_data_gen/rom_pic_inst'
INFO: [Netlist 29-17] Analyzing 12 Unisim elements for replacement
INFO: [Netlist 29-28] Unisim Transformation completed in 0 CPU seconds
INFO: [Project 1-479] Netlist was created with Vivado 2015.2
INFO: [Device 21-403] Loading part xc7z010clg400-1
INFO: [Project 1-570] Preparing netlist for logic optimization
Parsing XDC File [e:/FPGA/vivado/HDMI_DEMO_2017_03_28_01/hdmi_display_demon/hdmi_display_demon.srcs/sources_1/ip/clk_wiz_0/clk_wiz_0_board.xdc] for cell 'u_clk/inst'
Finished Parsing XDC File [e:/FPGA/vivado/HDMI_DEMO_2017_03_28_01/hdmi_display_demon/hdmi_display_demon.srcs/sources_1/ip/clk_wiz_0/clk_wiz_0_board.xdc] for cell 'u_clk/inst'
Parsing XDC File [e:/FPGA/vivado/HDMI_DEMO_2017_03_28_01/hdmi_display_demon/hdmi_display_demon.srcs/sources_1/ip/clk_wiz_0/clk_wiz_0.xdc] for cell 'u_clk/inst'
INFO: [Timing 38-35] Done setting XDC timing constraints. [e:/FPGA/vivado/HDMI_DEMO_2017_03_28_01/hdmi_display_demon/hdmi_display_demon.srcs/sources_1/ip/clk_wiz_0/clk_wiz_0.xdc:56]
INFO: [Timing 38-2] Deriving generated clocks [e:/FPGA/vivado/HDMI_DEMO_2017_03_28_01/hdmi_display_demon/hdmi_display_demon.srcs/sources_1/ip/clk_wiz_0/clk_wiz_0.xdc:56]
get_clocks: Time (s): cpu = 00:00:11 ; elapsed = 00:00:10 . Memory (MB): peak = 1034.254 ; gain = 422.598
Finished Parsing XDC File [e:/FPGA/vivado/HDMI_DEMO_2017_03_28_01/hdmi_display_demon/hdmi_display_demon.srcs/sources_1/ip/clk_wiz_0/clk_wiz_0.xdc] for cell 'u_clk/inst'
Parsing XDC File [E:/FPGA/vivado/HDMI_DEMO_2017_03_28_01/hdmi_display_demon/hdmi_display_demon.srcs/constrs_1/new/zynq_pin.xdc]
Finished Parsing XDC File [E:/FPGA/vivado/HDMI_DEMO_2017_03_28_01/hdmi_display_demon/hdmi_display_demon.srcs/constrs_1/new/zynq_pin.xdc]
INFO: [Project 1-538] Using original IP XDC constraints instead of the XDC constraints in dcp 'e:/FPGA/vivado/HDMI_DEMO_2017_03_28_01/Miz702_VGA/vivado_prj/miz702_vga/miz702_vga.srcs/sources_1/ip/rom_pic/rom_pic.dcp'
INFO: [Project 1-538] Using original IP XDC constraints instead of the XDC constraints in dcp 'e:/FPGA/vivado/HDMI_DEMO_2017_03_28_01/hdmi_display_demon/hdmi_display_demon.srcs/sources_1/ip/clk_wiz_0/clk_wiz_0.dcp'
INFO: [Opt 31-138] Pushed 0 inverter(s) to 0 load pin(s).
INFO: [Project 1-111] Unisim Transformation Summary:
  A total of 4 instances were transformed.
  OBUFDS => OBUFDS: 4 instances

link_design: Time (s): cpu = 00:00:17 ; elapsed = 00:00:17 . Memory (MB): peak = 1034.258 ; gain = 802.434
INFO: [Vivado_Tcl 4-424] Cannot write hardware definition file as there are no IPI block design hardware handoff files present
Command: opt_design
Attempting to get a license for feature 'Implementation' and/or device 'xc7z010'
INFO: [Common 17-349] Got license for feature 'Implementation' and/or device 'xc7z010'
Running DRC as a precondition to command opt_design

Starting DRC Task
INFO: [DRC 23-27] Running DRC with 2 threads
INFO: [Project 1-461] DRC finished with 0 Errors
INFO: [Project 1-462] Please refer to the DRC report (report_drc) for more information.

Time (s): cpu = 00:00:01 ; elapsed = 00:00:00.724 . Memory (MB): peak = 1034.258 ; gain = 0.000
INFO: [Timing 38-35] Done setting XDC timing constraints.

Starting Logic Optimization Task
Implement Debug Cores | Checksum: 1d6c836b8

Phase 1 Retarget
INFO: [Opt 31-138] Pushed 0 inverter(s) to 0 load pin(s).
INFO: [Opt 31-49] Retargeted 0 cell(s).
Phase 1 Retarget | Checksum: 18f8ab82d

Time (s): cpu = 00:00:01 ; elapsed = 00:00:00.219 . Memory (MB): peak = 1038.707 ; gain = 0.000

Phase 2 Constant propagation
INFO: [Opt 31-138] Pushed 3 inverter(s) to 11 load pin(s).
INFO: [Opt 31-10] Eliminated 80 cells.
Phase 2 Constant propagation | Checksum: edfd89b2

Time (s): cpu = 00:00:01 ; elapsed = 00:00:00.393 . Memory (MB): peak = 1038.707 ; gain = 0.000

Phase 3 Sweep
INFO: [Opt 31-12] Eliminated 68 unconnected nets.
INFO: [Opt 31-11] Eliminated 0 unconnected cells.
Phase 3 Sweep | Checksum: f87dfaa6

Time (s): cpu = 00:00:01 ; elapsed = 00:00:00.549 . Memory (MB): peak = 1038.707 ; gain = 0.000

Phase 4 BUFG optimization
INFO: [Opt 31-12] Eliminated 0 unconnected nets.
INFO: [Opt 31-11] Eliminated 0 unconnected cells.
Phase 4 BUFG optimization | Checksum: f87dfaa6

Time (s): cpu = 00:00:01 ; elapsed = 00:00:01 . Memory (MB): peak = 1038.707 ; gain = 0.000

Starting Connectivity Check Task

Time (s): cpu = 00:00:00 ; elapsed = 00:00:00 . Memory (MB): peak = 1038.707 ; gain = 0.000
Ending Logic Optimization Task | Checksum: f87dfaa6

Time (s): cpu = 00:00:01 ; elapsed = 00:00:01 . Memory (MB): peak = 1038.707 ; gain = 0.000

Starting Power Optimization Task
INFO: [Pwropt 34-132] Skipping clock gating for clocks with a period < 2.00 ns.
INFO: [Timing 38-35] Done setting XDC timing constraints.
Running Vector-less Activity Propagation...

Finished Running Vector-less Activity Propagation
INFO: [Pwropt 34-9] Applying IDT optimizations ...
INFO: [Pwropt 34-10] Applying ODC optimizations ...


Starting PowerOpt Patch Enables Task
INFO: [Pwropt 34-162] WRITE_MODE attribute of 0 BRAM(s) out of a total of 105 has been updated to save power. Run report_power_opt to get a complete listing of the BRAMs updated.
INFO: [Pwropt 34-201] Structural ODC has moved 0 WE to EN ports
Number of BRAM Ports augmented: 105 newly gated: 0 Total Ports: 210
Ending PowerOpt Patch Enables Task | Checksum: 995d9539

Time (s): cpu = 00:00:00 ; elapsed = 00:00:00.094 . Memory (MB): peak = 1372.582 ; gain = 0.000
Ending Power Optimization Task | Checksum: 995d9539

Time (s): cpu = 00:00:10 ; elapsed = 00:00:09 . Memory (MB): peak = 1372.582 ; gain = 333.875
INFO: [Common 17-83] Releasing license: Implementation
35 Infos, 0 Warnings, 0 Critical Warnings and 0 Errors encountered.
opt_design completed successfully
opt_design: Time (s): cpu = 00:00:12 ; elapsed = 00:00:11 . Memory (MB): peak = 1372.582 ; gain = 338.324
Writing placer database...
Writing XDEF routing.
Writing XDEF routing logical nets.
Writing XDEF routing special nets.
Write XDEF Complete: Time (s): cpu = 00:00:00 ; elapsed = 00:00:00.053 . Memory (MB): peak = 1372.582 ; gain = 0.000
INFO: [Common 17-1381] The checkpoint 'E:/FPGA/vivado/HDMI_DEMO_2017_03_28_01/hdmi_display_demon/hdmi_display_demon.runs/impl_1/HDMI_display_Demon_opt.dcp' has been generated.
INFO: [DRC 23-27] Running DRC with 2 threads
INFO: [Coretcl 2-168] The results of DRC are in file E:/FPGA/vivado/HDMI_DEMO_2017_03_28_01/hdmi_display_demon/hdmi_display_demon.runs/impl_1/HDMI_display_Demon_drc_opted.rpt.
INFO: [Chipscope 16-241] No debug cores found in the current design.
Before running the implement_debug_core command, either use the Set Up Debug wizard (GUI mode)
or use the create_debug_core and connect_debug_core Tcl commands to insert debug cores into the design.
Command: place_design
Attempting to get a license for feature 'Implementation' and/or device 'xc7z010'
INFO: [Common 17-349] Got license for feature 'Implementation' and/or device 'xc7z010'
INFO: [DRC 23-27] Running DRC with 2 threads
INFO: [Vivado_Tcl 4-198] DRC finished with 0 Errors
INFO: [Vivado_Tcl 4-199] Please refer to the DRC report (report_drc) for more information.
Running DRC as a precondition to command place_design
INFO: [DRC 23-27] Running DRC with 2 threads
INFO: [Vivado_Tcl 4-198] DRC finished with 0 Errors
INFO: [Vivado_Tcl 4-199] Please refer to the DRC report (report_drc) for more information.

Starting Placer Task
INFO: [Place 30-611] Multithreading enabled for place_design using a maximum of 2 CPUs

Phase 1 Placer Initialization
Netlist sorting complete. Time (s): cpu = 00:00:00 ; elapsed = 00:00:00.031 . Memory (MB): peak = 1372.582 ; gain = 0.000
INFO: [Timing 38-35] Done setting XDC timing constraints.
INFO: [Opt 31-138] Pushed 0 inverter(s) to 0 load pin(s).
Netlist sorting complete. Time (s): cpu = 00:00:00 ; elapsed = 00:00:00.015 . Memory (MB): peak = 1372.582 ; gain = 0.000

Phase 1.1 IO Placement/ Clock Placement/ Build Placer Device
ERROR: [Place 30-640] Place Check : This design requires more RAMB36/FIFO cells than are available in the target device. This design requires 103 of such cell types but only 60 compatible sites are available in the target device. Please analyze your synthesis results and constraints to ensure the design is mapped to Xilinx primitives as expected. If so, please consider targeting a larger device.
ERROR: [Place 30-640] Place Check : This design requires more RAMB18 and RAMB36/FIFO cells than are available in the target device. This design requires 208 of such cell types but only 120 compatible sites are available in the target device. Please analyze your synthesis results and constraints to ensure the design is mapped to Xilinx primitives as expected. If so, please consider targeting a larger device.
ERROR: [Place 30-640] Place Check : This design requires more RAMB36E1 cells than are available in the target device. This design requires 103 of such cell types but only 60 compatible sites are available in the target device. Please analyze your synthesis results and constraints to ensure the design is mapped to Xilinx primitives as expected. If so, please consider targeting a larger device.
Phase 1.1 IO Placement/ Clock Placement/ Build Placer Device | Checksum: 8e450a8e

Time (s): cpu = 00:00:01 ; elapsed = 00:00:00.672 . Memory (MB): peak = 1372.582 ; gain = 0.000
Phase 1 Placer Initialization | Checksum: 8e450a8e

Time (s): cpu = 00:00:01 ; elapsed = 00:00:00.672 . Memory (MB): peak = 1372.582 ; gain = 0.000
ERROR: [Place 30-99] Placer failed with error: 'IO Clock Placer stopped due to earlier errors. Implementation Feasibility check failed, Please see the previously displayed individual error or warning messages for more details.'
Please review all ERROR, CRITICAL WARNING, and WARNING messages during placement to understand the cause for failure.
Ending Placer Task | Checksum: 8e450a8e

Time (s): cpu = 00:00:01 ; elapsed = 00:00:00.688 . Memory (MB): peak = 1372.582 ; gain = 0.000
INFO: [Common 17-83] Releasing license: Implementation
50 Infos, 0 Warnings, 0 Critical Warnings and 5 Errors encountered.
place_design failed
ERROR: [Common 17-69] Command failed: Placer could not place all instances
INFO: [Common 17-206] Exiting Vivado at Thu Mar 30 19:55:37 2017...
