#-----------------------------------------------------------
# Vivado v2015.4 (64-bit)
# SW Build 1412921 on Wed Nov 18 09:43:45 MST 2015
# IP Build 1412160 on Tue Nov 17 13:47:24 MST 2015
# Start of session at: Wed Feb 22 09:27:02 2017
# Process ID: 3548
# Current directory: F:/miz701N/hdmi/hdmi_display_demon
# Command line: vivado.exe -gui_launcher_event rodinguilauncherevent4108 F:\miz701N\hdmi\hdmi_display_demon\hdmi_display_demon.xpr
# Log file: F:/miz701N/hdmi/hdmi_display_demon/vivado.log
# Journal file: F:/miz701N/hdmi/hdmi_display_demon\vivado.jou
#-----------------------------------------------------------
start_gui
open_project F:/miz701N/hdmi/hdmi_display_demon/hdmi_display_demon.xpr
Scanning sources...
Finished scanning sources
INFO: [IP_Flow 19-234] Refreshing IP repositories
INFO: [IP_Flow 19-1700] Loaded user IP repository 'f:/miz701N/hdmi/HDMI_FPGA_ML'.
INFO: [IP_Flow 19-2313] Loaded Vivado IP repository 'D:/Xilinx/Vivado/2015.4/data/ip'.
exit
INFO: [Common 17-206] Exiting Vivado at Wed Feb 22 09:29:24 2017...
